16/03/2023 16:41:45 DEBUG InternalLoggerFactory:89 - Using Log4J as the default logging framework
16/03/2023 16:41:45 DEBUG ResourceLeakDetector:129 - -Dio.netty.leakDetection.level: simple
16/03/2023 16:41:45 DEBUG ResourceLeakDetector:130 - -Dio.netty.leakDetection.targetRecords: 4
16/03/2023 16:41:45 DEBUG ResourceLeakDetectorFactory:196 - Loaded default ResourceLeakDetector: io.netty.util.ResourceLeakDetector@58cec85b
16/03/2023 16:41:45 DEBUG PlatformDependent0:496 - -Dio.netty.noUnsafe: false
16/03/2023 16:41:45 DEBUG PlatformDependent0:1000 - Java version: 18
16/03/2023 16:41:45 DEBUG PlatformDependent0:137 - sun.misc.Unsafe.theUnsafe: available
16/03/2023 16:41:45 DEBUG PlatformDependent0:161 - sun.misc.Unsafe.copyMemory: available
16/03/2023 16:41:45 DEBUG PlatformDependent0:193 - sun.misc.Unsafe.storeFence: available
16/03/2023 16:41:45 DEBUG PlatformDependent0:236 - java.nio.Buffer.address: available
16/03/2023 16:41:45 DEBUG PlatformDependent0:320 - direct buffer constructor: unavailable: Reflective setAccessible(true) disabled
16/03/2023 16:41:45 DEBUG PlatformDependent0:385 - java.nio.Bits.unaligned: available, true
16/03/2023 16:41:45 DEBUG PlatformDependent0:452 - jdk.internal.misc.Unsafe.allocateUninitializedArray(int): unavailable: class io.netty.util.internal.PlatformDependent0$7 cannot access class jdk.internal.misc.Unsafe (in module java.base) because module java.base does not export jdk.internal.misc to unnamed module @2c9f9fb0
16/03/2023 16:41:45 DEBUG PlatformDependent0:482 - java.nio.DirectByteBuffer.<init>(long, int): unavailable
16/03/2023 16:41:45 DEBUG PlatformDependent:1159 - sun.misc.Unsafe: available
16/03/2023 16:41:45 DEBUG PlatformDependent:1270 - maxDirectMemory: 4127195136 bytes (maybe)
16/03/2023 16:41:45 DEBUG PlatformDependent:1289 - -Dio.netty.tmpdir: C:\Users\EKTA\AppData\Local\Temp (java.io.tmpdir)
16/03/2023 16:41:45 DEBUG PlatformDependent:1368 - -Dio.netty.bitMode: 64 (sun.arch.data.model)
16/03/2023 16:41:45 DEBUG PlatformDependent:1119 - Platform: Windows
16/03/2023 16:41:45 DEBUG PlatformDependent:178 - -Dio.netty.maxDirectMemory: -1 bytes
16/03/2023 16:41:45 DEBUG PlatformDependent:185 - -Dio.netty.uninitializedArrayAllocationThreshold: -1
16/03/2023 16:41:45 DEBUG CleanerJava9:71 - java.nio.ByteBuffer.cleaner(): available
16/03/2023 16:41:45 DEBUG PlatformDependent:205 - -Dio.netty.noPreferDirect: false
16/03/2023 16:41:45 DEBUG PlatformDependent:1010 - org.jctools-core.MpscChunkedArrayQueue: available
16/03/2023 16:41:45 DEBUG InternalThreadLocalMap:100 - -Dio.netty.threadLocalMap.stringBuilder.initialSize: 1024
16/03/2023 16:41:45 DEBUG InternalThreadLocalMap:101 - -Dio.netty.threadLocalMap.stringBuilder.maxSize: 4096
16/03/2023 16:41:45 DEBUG JdkSslContext:83 - Default protocols (JDK): [TLSv1.3, TLSv1.2] 
16/03/2023 16:41:45 DEBUG JdkSslContext:84 - Default cipher suites (JDK): [TLS_ECDHE_ECDSA_WITH_AES_256_GCM_SHA384, TLS_ECDHE_ECDSA_WITH_AES_128_GCM_SHA256, TLS_ECDHE_RSA_WITH_AES_128_GCM_SHA256, TLS_ECDHE_RSA_WITH_AES_256_GCM_SHA384, TLS_ECDHE_RSA_WITH_AES_128_CBC_SHA, TLS_ECDHE_RSA_WITH_AES_256_CBC_SHA, TLS_RSA_WITH_AES_128_GCM_SHA256, TLS_RSA_WITH_AES_128_CBC_SHA, TLS_RSA_WITH_AES_256_CBC_SHA, TLS_AES_128_GCM_SHA256, TLS_AES_256_GCM_SHA384]
16/03/2023 16:41:45 DEBUG MultithreadEventLoopGroup:44 - -Dio.netty.eventLoopThreads: 32
16/03/2023 16:41:45 DEBUG NioEventLoop:110 - -Dio.netty.noKeySetOptimization: false
16/03/2023 16:41:45 DEBUG NioEventLoop:111 - -Dio.netty.selectorAutoRebuildThreshold: 512
16/03/2023 16:41:46 DEBUG PooledByteBufAllocator:157 - -Dio.netty.allocator.numHeapArenas: 32
16/03/2023 16:41:46 DEBUG PooledByteBufAllocator:158 - -Dio.netty.allocator.numDirectArenas: 32
16/03/2023 16:41:46 DEBUG PooledByteBufAllocator:160 - -Dio.netty.allocator.pageSize: 8192
16/03/2023 16:41:46 DEBUG PooledByteBufAllocator:165 - -Dio.netty.allocator.maxOrder: 9
16/03/2023 16:41:46 DEBUG PooledByteBufAllocator:169 - -Dio.netty.allocator.chunkSize: 4194304
16/03/2023 16:41:46 DEBUG PooledByteBufAllocator:170 - -Dio.netty.allocator.smallCacheSize: 256
16/03/2023 16:41:46 DEBUG PooledByteBufAllocator:171 - -Dio.netty.allocator.normalCacheSize: 64
16/03/2023 16:41:46 DEBUG PooledByteBufAllocator:172 - -Dio.netty.allocator.maxCachedBufferCapacity: 32768
16/03/2023 16:41:46 DEBUG PooledByteBufAllocator:173 - -Dio.netty.allocator.cacheTrimInterval: 8192
16/03/2023 16:41:46 DEBUG PooledByteBufAllocator:174 - -Dio.netty.allocator.cacheTrimIntervalMillis: 0
16/03/2023 16:41:46 DEBUG PooledByteBufAllocator:175 - -Dio.netty.allocator.useCacheForAllThreads: false
16/03/2023 16:41:46 DEBUG PooledByteBufAllocator:176 - -Dio.netty.allocator.maxCachedByteBuffersPerChunk: 1023
16/03/2023 16:41:46 DEBUG ByteBufUtil:87 - -Dio.netty.allocator.type: pooled
16/03/2023 16:41:46 DEBUG ByteBufUtil:96 - -Dio.netty.threadLocalDirectBufferSize: 0
16/03/2023 16:41:46 DEBUG ByteBufUtil:99 - -Dio.netty.maxThreadLocalCharBufferSize: 16384
16/03/2023 16:41:46 DEBUG DefaultChannelId:79 - -Dio.netty.processId: 23368 (auto-detected)
16/03/2023 16:41:46 DEBUG NetUtil:142 - -Djava.net.preferIPv4Stack: false
16/03/2023 16:41:46 DEBUG NetUtil:143 - -Djava.net.preferIPv6Addresses: false
16/03/2023 16:41:46 DEBUG NetUtilInitializations:139 - Loopback interface: lo (Software Loopback Interface 1, 127.0.0.1)
16/03/2023 16:41:46 DEBUG NetUtil:200 - Failed to get SOMAXCONN from sysctl and file \proc\sys\net\core\somaxconn. Default: 200
16/03/2023 16:41:48 DEBUG DefaultChannelId:101 - -Dio.netty.machineId: 14:f6:d8:ff:fe:ef:51:a0 (auto-detected)
16/03/2023 16:41:48 DEBUG AbstractByteBuf:63 - -Dio.netty.buffer.checkAccessible: true
16/03/2023 16:41:48 DEBUG AbstractByteBuf:64 - -Dio.netty.buffer.checkBounds: true
16/03/2023 16:41:48 DEBUG ResourceLeakDetectorFactory:196 - Loaded default ResourceLeakDetector: io.netty.util.ResourceLeakDetector@64bb1da2
16/03/2023 16:41:48 DEBUG Recycler:85 - -Dio.netty.recycler.maxCapacityPerThread: 4096
16/03/2023 16:41:48 DEBUG Recycler:86 - -Dio.netty.recycler.ratio: 8
16/03/2023 16:41:48 DEBUG Recycler:87 - -Dio.netty.recycler.chunkSize: 32
16/03/2023 16:41:48 DEBUG Recycler:88 - -Dio.netty.recycler.blocking: false
16/03/2023 16:41:49 DEBUG Brotli:38 - brotli4j not in the classpath; Brotli support will be unavailable.
16/03/2023 16:41:49 DEBUG ThreadLocalRandom:214 - -Dio.netty.initialSeedUniquifier: 0x5d2b00647b32eef7
16/03/2023 16:41:50  INFO BaseClass:29 - Chrome browser has launched
16/03/2023 16:41:50 DEBUG BaseClass:31 - Implicit time wait
16/03/2023 16:41:50 DEBUG BaseClass:64 - login
16/03/2023 16:41:54  INFO BaseClass:67 - login successfully
16/03/2023 16:41:54 DEBUG BaseClass:68 - search
16/03/2023 16:42:07  INFO BaseClass:70 - search, follow  successfully
16/03/2023 16:42:15  INFO BaseClass:72 - Scroll through explore page
16/03/2023 16:42:16  INFO BaseClass:74 - logout Successfully
16/03/2023 16:42:17  INFO BaseClass:36 - quit
